<?xml version="1.0" encoding="UTF-8"?>
<coverage generated="1692023878379" clover="3.2.0">
  <project timestamp="1692023878380" name="All files">
    <metrics statements="91" coveredstatements="80" conditionals="32" coveredconditionals="25" methods="2" coveredmethods="2" elements="125" coveredelements="107" complexity="0" loc="91" ncloc="91" packages="1" files="1" classes="1"/>
    <file name="caixa-da-lanchonete.js" path="C:\Users\andre\OneDrive\Documents\Desafio-DB\DBDesafioLanchonete2023\src\caixa-da-lanchonete.js">
      <metrics statements="91" coveredstatements="80" conditionals="32" coveredconditionals="25" methods="2" coveredmethods="2"/>
      <line num="1" count="1" type="stmt"/>
      <line num="2" count="1" type="cond" truecount="1" falsecount="0"/>
      <line num="3" count="19" type="stmt"/>
      <line num="4" count="19" type="stmt"/>
      <line num="5" count="19" type="cond" truecount="1" falsecount="0"/>
      <line num="6" count="11" type="stmt"/>
      <line num="7" count="11" type="stmt"/>
      <line num="8" count="8" type="cond" truecount="1" falsecount="0"/>
      <line num="9" count="8" type="stmt"/>
      <line num="10" count="8" type="cond" truecount="1" falsecount="0"/>
      <line num="11" count="2" type="stmt"/>
      <line num="12" count="2" type="stmt"/>
      <line num="13" count="8" type="cond" truecount="1" falsecount="0"/>
      <line num="14" count="3" type="stmt"/>
      <line num="15" count="3" type="stmt"/>
      <line num="16" count="8" type="cond" truecount="1" falsecount="0"/>
      <line num="17" count="3" type="stmt"/>
      <line num="18" count="8" type="cond" truecount="0" falsecount="1"/>
      <line num="19" count="0" type="stmt"/>
      <line num="20" count="8" type="stmt"/>
      <line num="21" count="8" type="stmt"/>
      <line num="22" count="8" type="stmt"/>
      <line num="23" count="8" type="stmt"/>
      <line num="24" count="8" type="stmt"/>
      <line num="25" count="8" type="stmt"/>
      <line num="26" count="1" type="stmt"/>
      <line num="27" count="1" type="cond" truecount="1" falsecount="0"/>
      <line num="28" count="19" type="stmt"/>
      <line num="29" count="19" type="stmt"/>
      <line num="30" count="19" type="stmt"/>
      <line num="31" count="19" type="cond" truecount="1" falsecount="0"/>
      <line num="32" count="3" type="stmt"/>
      <line num="33" count="3" type="cond" truecount="1" falsecount="0"/>
      <line num="34" count="16" type="stmt"/>
      <line num="35" count="19" type="cond" truecount="1" falsecount="0"/>
      <line num="36" count="28" type="cond" truecount="2" falsecount="0"/>
      <line num="37" count="16" type="stmt"/>
      <line num="38" count="16" type="stmt"/>
      <line num="39" count="28" type="cond" truecount="1" falsecount="0"/>
      <line num="40" count="16" type="stmt"/>
      <line num="41" count="19" type="cond" truecount="1" falsecount="0"/>
      <line num="42" count="27" type="cond" truecount="1" falsecount="0"/>
      <line num="43" count="1" type="stmt"/>
      <line num="44" count="1" type="cond" truecount="1" falsecount="0"/>
      <line num="45" count="26" type="stmt"/>
      <line num="46" count="26" type="stmt"/>
      <line num="47" count="26" type="stmt"/>
      <line num="48" count="26" type="stmt"/>
      <line num="49" count="26" type="stmt"/>
      <line num="50" count="27" type="cond" truecount="1" falsecount="0"/>
      <line num="51" count="9" type="stmt"/>
      <line num="52" count="9" type="stmt"/>
      <line num="53" count="27" type="cond" truecount="1" falsecount="0"/>
      <line num="54" count="2" type="cond" truecount="0" falsecount="1"/>
      <line num="55" count="0" type="stmt"/>
      <line num="56" count="2" type="stmt"/>
      <line num="57" count="2" type="stmt"/>
      <line num="58" count="2" type="cond" truecount="0" falsecount="1"/>
      <line num="59" count="0" type="stmt"/>
      <line num="60" count="27" type="cond" truecount="0" falsecount="1"/>
      <line num="61" count="0" type="stmt"/>
      <line num="62" count="0" type="stmt"/>
      <line num="63" count="27" type="cond" truecount="1" falsecount="0"/>
      <line num="64" count="5" type="stmt"/>
      <line num="65" count="5" type="stmt"/>
      <line num="66" count="27" type="cond" truecount="1" falsecount="0"/>
      <line num="67" count="7" type="cond" truecount="1" falsecount="0"/>
      <line num="68" count="5" type="stmt"/>
      <line num="69" count="7" type="cond" truecount="1" falsecount="0"/>
      <line num="70" count="2" type="stmt"/>
      <line num="71" count="2" type="cond" truecount="1" falsecount="0"/>
      <line num="72" count="5" type="stmt"/>
      <line num="73" count="27" type="cond" truecount="0" falsecount="1"/>
      <line num="74" count="0" type="stmt"/>
      <line num="75" count="0" type="stmt"/>
      <line num="76" count="27" type="cond" truecount="0" falsecount="1"/>
      <line num="77" count="0" type="stmt"/>
      <line num="78" count="0" type="stmt"/>
      <line num="79" count="27" type="cond" truecount="0" falsecount="1"/>
      <line num="80" count="0" type="stmt"/>
      <line num="81" count="0" type="stmt"/>
      <line num="82" count="27" type="cond" truecount="1" falsecount="0"/>
      <line num="83" count="3" type="stmt"/>
      <line num="84" count="27" type="stmt"/>
      <line num="85" count="27" type="cond" truecount="1" falsecount="0"/>
      <line num="86" count="8" type="stmt"/>
      <line num="87" count="8" type="stmt"/>
      <line num="88" count="8" type="stmt"/>
      <line num="89" count="1" type="stmt"/>
      <line num="90" count="1" type="stmt"/>
      <line num="91" count="1" type="stmt"/>
    </file>
  </project>
</coverage>
