TN:
SF:src\caixa-da-lanchonete.js
FN:2,calcularValorDaCompra
FN:28,selectItens
FNF:2
FNH:2
FNDA:19,calcularValorDaCompra
FNDA:19,selectItens
DA:1,1
DA:2,1
DA:3,19
DA:4,19
DA:5,19
DA:6,19
DA:7,10
DA:8,10
DA:9,9
DA:10,9
DA:11,19
DA:12,2
DA:13,2
DA:14,19
DA:15,3
DA:16,3
DA:17,19
DA:18,3
DA:19,19
DA:20,19
DA:21,19
DA:22,8
DA:23,8
DA:24,8
DA:25,8
DA:26,8
DA:27,1
DA:28,1
DA:29,19
DA:30,19
DA:31,19
DA:32,19
DA:33,3
DA:34,3
DA:35,16
DA:36,19
DA:37,28
DA:38,16
DA:39,16
DA:40,28
DA:41,16
DA:42,19
DA:43,27
DA:44,1
DA:45,1
DA:46,26
DA:47,26
DA:48,26
DA:49,26
DA:50,26
DA:51,27
DA:52,10
DA:53,10
DA:54,27
DA:55,2
DA:56,0
DA:57,2
DA:58,2
DA:59,2
DA:60,0
DA:61,27
DA:62,0
DA:63,0
DA:64,27
DA:65,5
DA:66,5
DA:67,27
DA:68,7
DA:69,5
DA:70,7
DA:71,2
DA:72,2
DA:73,5
DA:74,27
DA:75,0
DA:76,0
DA:77,27
DA:78,0
DA:79,0
DA:80,27
DA:81,0
DA:82,0
DA:83,27
DA:84,2
DA:85,27
DA:86,27
DA:87,9
DA:88,9
DA:89,9
DA:90,1
DA:91,1
DA:92,1
LF:92
LH:82
BRDA:2,0,0,19
BRDA:6,1,0,10
BRDA:8,2,0,9
BRDA:11,3,0,2
BRDA:14,4,0,3
BRDA:17,5,0,3
BRDA:19,6,0,1
BRDA:21,7,0,8
BRDA:28,8,0,19
BRDA:32,9,0,3
BRDA:34,10,0,16
BRDA:36,11,0,28
BRDA:37,12,0,18
BRDA:37,13,0,16
BRDA:40,14,0,16
BRDA:42,15,0,27
BRDA:43,16,0,1
BRDA:45,17,0,26
BRDA:51,18,0,10
BRDA:54,19,0,2
BRDA:55,20,0,0
BRDA:59,21,0,0
BRDA:61,22,0,0
BRDA:64,23,0,5
BRDA:67,24,0,7
BRDA:68,25,0,5
BRDA:70,26,0,2
BRDA:72,27,0,5
BRDA:74,28,0,0
BRDA:77,29,0,0
BRDA:80,30,0,0
BRDA:83,31,0,2
BRDA:86,32,0,9
BRF:33
BRH:27
end_of_record
