TN:
SF:src\caixa-da-lanchonete.js
FN:2,calcularValorDaCompra
FN:27,selectItens
FNF:2
FNH:2
FNDA:19,calcularValorDaCompra
FNDA:19,selectItens
DA:1,1
DA:2,1
DA:3,19
DA:4,19
DA:5,19
DA:6,11
DA:7,11
DA:8,8
DA:9,8
DA:10,8
DA:11,2
DA:12,2
DA:13,8
DA:14,3
DA:15,3
DA:16,8
DA:17,3
DA:18,8
DA:19,0
DA:20,8
DA:21,8
DA:22,8
DA:23,8
DA:24,8
DA:25,8
DA:26,1
DA:27,1
DA:28,19
DA:29,19
DA:30,19
DA:31,19
DA:32,3
DA:33,3
DA:34,16
DA:35,19
DA:36,28
DA:37,16
DA:38,16
DA:39,28
DA:40,16
DA:41,19
DA:42,27
DA:43,1
DA:44,1
DA:45,26
DA:46,26
DA:47,26
DA:48,26
DA:49,26
DA:50,27
DA:51,9
DA:52,9
DA:53,27
DA:54,2
DA:55,0
DA:56,2
DA:57,2
DA:58,2
DA:59,0
DA:60,27
DA:61,0
DA:62,0
DA:63,27
DA:64,5
DA:65,5
DA:66,27
DA:67,7
DA:68,5
DA:69,7
DA:70,2
DA:71,2
DA:72,5
DA:73,27
DA:74,0
DA:75,0
DA:76,27
DA:77,0
DA:78,0
DA:79,27
DA:80,0
DA:81,0
DA:82,27
DA:83,3
DA:84,27
DA:85,27
DA:86,8
DA:87,8
DA:88,8
DA:89,1
DA:90,1
DA:91,1
LF:91
LH:80
BRDA:2,0,0,19
BRDA:5,1,0,11
BRDA:8,2,0,8
BRDA:10,3,0,2
BRDA:13,4,0,3
BRDA:16,5,0,3
BRDA:18,6,0,0
BRDA:27,7,0,19
BRDA:31,8,0,3
BRDA:33,9,0,16
BRDA:35,10,0,28
BRDA:36,11,0,18
BRDA:36,12,0,16
BRDA:39,13,0,16
BRDA:41,14,0,27
BRDA:42,15,0,1
BRDA:44,16,0,26
BRDA:50,17,0,9
BRDA:53,18,0,2
BRDA:54,19,0,0
BRDA:58,20,0,0
BRDA:60,21,0,0
BRDA:63,22,0,5
BRDA:66,23,0,7
BRDA:67,24,0,5
BRDA:69,25,0,2
BRDA:71,26,0,5
BRDA:73,27,0,0
BRDA:76,28,0,0
BRDA:79,29,0,0
BRDA:82,30,0,3
BRDA:85,31,0,8
BRF:32
BRH:25
end_of_record
